
2025-10-23 17:36:38 - [INFO] --- Stage 1: Collecting Required Deployment Parameters ---
Enter Git Repository URL (e.g., https://github.com/user/repo.git): Enter Git Personal Access Token (PAT - Input hidden): 
Enter Remote Server SSH Username (e.g., ubuntu): Enter Remote Server IP Address: Enter Path to SSH Private Key (e.g., /c/Users/user/.ssh/id_rsa.pem): Enter deployment branch name (Default: main): 
2025-10-23 17:37:58 - [INFO] Using branch: main

2025-10-23 17:37:58 - [INFO] Application Internal Port is fixed at: 8080

2025-10-23 17:37:58 - [INFO] Parameters collected and validated successfully.

2025-10-23 17:37:58 - [INFO] --- Stage 3: Establishing Remote Connection and Checking Access ---
SSH connection successful

2025-10-23 17:38:03 - [INFO] SSH connectivity test passed.

2025-10-23 17:38:03 - [INFO] --- Stage 2: Cloning/Pulling Repository ---

2025-10-23 17:38:03 - [INFO] Cleaning up log files from previous failed runs...

2025-10-23 17:38:03 - [INFO] Repository directory exists. Pulling latest code...
Already up to date.
Your branch is up to date with 'origin/main'.
Already on 'main'

2025-10-23 17:38:05 - [INFO] Removing local .git directory from cloned repo to prepare for clean transfer...

2025-10-23 17:38:05 - [INFO] Repository synchronized and validated. Code is ready for transfer.

2025-10-23 17:38:05 - [INFO] --- Stage 4: Preparing Remote Host (Installing Dependencies) ---

WARNING: apt does not have a stable CLI interface. Use with caution in scripts.

Hit:1 http://us-west-2.ec2.archive.ubuntu.com/ubuntu noble InRelease
Hit:2 http://us-west-2.ec2.archive.ubuntu.com/ubuntu noble-updates InRelease
Hit:3 http://us-west-2.ec2.archive.ubuntu.com/ubuntu noble-backports InRelease
Hit:4 http://security.ubuntu.com/ubuntu noble-security InRelease
Reading package lists...
Building dependency tree...
Reading state information...
23 packages can be upgraded. Run 'apt list --upgradable' to see them.
Reading package lists...
Building dependency tree...
WARNING: apt does not have a stable CLI interface. Use with caution in scripts.


Reading state information...
docker.io is already the newest version (28.2.2-0ubuntu1~24.04.1).
docker-compose is already the newest version (1.29.2-6ubuntu1).
nginx is already the newest version (1.24.0-2ubuntu7.5).
0 upgraded, 0 newly installed, 0 to remove and 23 not upgraded.
Synchronizing state of nginx.service with SysV service script with /usr/lib/systemd/systemd-sysv-install.
Executing: /usr/lib/systemd/systemd-sysv-install enable nginx
Docker version 28.2.2, build 28.2.2-0ubuntu1~24.04.1
nginx version: nginx/1.24.0 (Ubuntu)

2025-10-23 17:38:21 - [INFO] Remote environment prepared: Docker, Docker Compose, and NGINX are installed and running.

2025-10-23 17:38:21 - [INFO] --- Stage 5: Deploying Application (Transfer and Build) ---

2025-10-23 17:38:21 - [INFO] Transferring project files from local machine to /opt/devops_app...
bash: line 5: log: command not found
devops-container
devops-container
bash: line 10: log: command not found
DEPRECATED: The legacy builder is deprecated and will be removed in a future release.
            Install the buildx component to build images with BuildKit:
            https://docs.docker.com/go/buildx/

Sending build context to Docker daemon    193kB
Step 1/4 : FROM nginx:alpine
 ---> 5e7abcdd2021
Step 2/4 : COPY index.html /usr/share/nginx/html/index.html
 ---> Using cache
 ---> 5b59e45e437d
Step 3/4 : EXPOSE 8080
 ---> Using cache
 ---> eaf476b5d955
Step 4/4 : CMD ["nginx", "-g", "daemon off;"]
 ---> Using cache
 ---> d5b9837992b5
Successfully built d5b9837992b5
Successfully tagged devops-container:latest
655309cc10a2c23b2ffe51847c9118a905d438aac0d3a19f04937fbd22c63056

2025-10-23 17:38:35 - [INFO] Container built and launched successfully on internal port 8080.

2025-10-23 17:38:35 - [INFO] --- Stage 6: Configuring Nginx Reverse Proxy (Port 80 -> Port 8080) ---
