
2025-10-23 10:35:02 - [INFO] --- Stage 1: Collecting Required Deployment Parameters ---
Enter Git Repository URL (e.g., https://github.com/user/repo.git): Enter Git Personal Access Token (PAT - Input hidden): 
Enter Remote Server SSH Username (e.g., ubuntu, ec2-user): Enter Remote Server IP Address: Enter Path to SSH Private Key (e.g., ~/.ssh/hng-devops-key.pem): Enter branch name (Default: main): 
2025-10-23 10:49:45 - [INFO] Using branch: main

2025-10-23 10:49:45 - [INFO] Application Internal Port is fixed at: 8080

2025-10-23 10:49:45 - [INFO] Parameters collected and validated successfully.

2025-10-23 10:49:45 - [INFO] --- Stage 2: Cloning/Pulling Repository ---

2025-10-23 10:49:46 - [INFO] Cloning repository https://github.com/Hemmie001/automated-deployment_bash-script.git...
Cloning into './cloned_repo'...
Your branch is up to date with 'origin/main'.
Already on 'main'

2025-10-23 10:50:06 - [INFO] Repository synchronized and validated. Code is ready for transfer.

2025-10-23 10:50:06 - [INFO] --- Stage 3: Establishing Remote Connection and Checking Access ---
SSH connection successful

2025-10-23 10:50:15 - [INFO] SSH connectivity test passed.

2025-10-23 10:50:15 - [INFO] --- Stage 4: Preparing Remote Host (Installing Docker/Nginx) ---

WARNING: apt does not have a stable CLI interface. Use with caution in scripts.

Hit:1 http://us-west-2.ec2.archive.ubuntu.com/ubuntu noble InRelease
Get:2 http://us-west-2.ec2.archive.ubuntu.com/ubuntu noble-updates InRelease [126 kB]
Hit:3 http://us-west-2.ec2.archive.ubuntu.com/ubuntu noble-backports InRelease
Hit:4 http://security.ubuntu.com/ubuntu noble-security InRelease
Get:5 http://us-west-2.ec2.archive.ubuntu.com/ubuntu noble-updates/main amd64 c-n-f Metadata [15.3 kB]
Fetched 141 kB in 1s (262 kB/s)
Reading package lists...
Building dependency tree...
Reading state information...
23 packages can be upgraded. Run 'apt list --upgradable' to see them.

WARNING: apt does not have a stable CLI interface. Use with caution in scripts.
Reading package lists...
Building dependency tree...

Reading state information...
docker.io is already the newest version (28.2.2-0ubuntu1~24.04.1).
docker-compose is already the newest version (1.29.2-6ubuntu1).
nginx is already the newest version (1.24.0-2ubuntu7.5).
0 upgraded, 0 newly installed, 0 to remove and 23 not upgraded.
Synchronizing state of nginx.service with SysV service script with /usr/lib/systemd/systemd-sysv-install.
Executing: /usr/lib/systemd/systemd-sysv-install enable nginx

2025-10-23 10:50:32 - [INFO] Remote environment prepared: Docker, Docker Compose, and NGINX are installed and running.

2025-10-23 10:50:32 - [INFO] --- Stage 5: Deploying Application (Transfer and Build) ---

2025-10-23 10:50:32 - [INFO] Transferring project files from local machine to /opt/devops_app...
scp: stat local "./cloned_repo/.": No such file or directory

2025-10-23 10:50:33 - [FATAL] SCP file transfer failed.
Deployment failed. Check deploy_20251023_103502.log for details.
