
2025-10-22 23:56:30 - [INFO] --- Stage 1: Collecting Required Deployment Parameters ---
Enter Git Repository URL (e.g., https://github.com/user/repo.git): Enter Git Personal Access Token (PAT - Input hidden): 
Enter Remote Server SSH Username (e.g., ubuntu, ec2-user): Enter Remote Server IP Address: Enter Path to SSH Private Key (e.g., ~/.ssh/hng-devops-key.pem): Enter branch name (Default: main): 
2025-10-22 23:59:33 - [INFO] Using branch: main

2025-10-22 23:59:33 - [INFO] Application Internal Port is fixed at: 8080

2025-10-22 23:59:33 - [INFO] Parameters collected and validated successfully.

2025-10-22 23:59:33 - [INFO] --- Stage 2: Cloning/Pulling Repository ---

2025-10-22 23:59:33 - [INFO] Cloning repository https://github.com/Hemmie001/automated-deployment_bash-script.git...
Cloning into './cloned_repo'...
Your branch is up to date with 'origin/main'.
Already on 'main'

2025-10-22 23:59:39 - [INFO] Repository synchronized and validated. Code is ready for transfer.

2025-10-22 23:59:40 - [INFO] --- Stage 3: Establishing Remote Connection and Checking Access ---
SSH connection successful

2025-10-22 23:59:47 - [INFO] SSH connectivity test passed.

2025-10-22 23:59:47 - [INFO] --- Stage 4: Preparing Remote Host (Installing Docker/Nginx) ---
Hit:1 http://us-west-2.ec2.archive.ubuntu.com/ubuntu noble InRelease
Hit:2 http://us-west-2.ec2.archive.ubuntu.com/ubuntu noble-updates InRelease
Hit:3 http://us-west-2.ec2.archive.ubuntu.com/ubuntu noble-backports InRelease

WARNING: apt does not have a stable CLI interface. Use with caution in scripts.

Hit:4 http://security.ubuntu.com/ubuntu noble-security InRelease
Reading package lists...
Building dependency tree...
Reading state information...
29 packages can be upgraded. Run 'apt list --upgradable' to see them.

WARNING: apt Reading package lists...
Building dependency tree...
Reading state information...
docker.io is already the newest version (28.2.2-0ubuntu1~24.04.1).
docker-compose is already the newest version (1.29.2-6ubuntu1).
nginx is already the newest version (1.24.0-2ubuntu7.5).
does not have a stable CLI interface. Use with caution in scripts.

0 upgraded, 0 newly installed, 0 to remove and 29 not upgraded.
Synchronizing state of nginx.service with SysV service script with /usr/lib/systemd/systemd-sysv-install.
Executing: /usr/lib/systemd/systemd-sysv-install enable nginx

2025-10-23 00:00:04 - [INFO] Remote environment prepared: Docker, Docker Compose, and NGINX are installed and running.

2025-10-23 00:00:05 - [INFO] --- Stage 5: Deploying Application (Transfer and Build) ---

2025-10-23 00:00:05 - [INFO] Transferring project files from local machine to /opt/devops_app...
scp: stat local "./cloned_repo/.": No such file or directory

2025-10-23 00:00:05 - [FATAL] SCP file transfer failed.
Deployment failed. Check deploy_20251022_235630.log for details.
